<?xml version="1.0" encoding="UTF-8"?>
<!-- Generated by org.testng.reporters.JUnitReportReporter -->
<testsuite hostname="LTP188" failures="0" tests="2" name="com.flipkart.testcases.LoginPageTest" time="18.622" errors="0" timestamp="13 Aug 2018 18:49:07 GMT" skipped="0">
  <testcase classname="com.flipkart.testcases.LoginPageTest" name="getTitle" time="8.281"/>
  <testcase classname="com.flipkart.testcases.LoginPageTest" name="LoginTest" time="10.341"/>
</testsuite> <!-- com.flipkart.testcases.LoginPageTest -->
