<?xml version="1.0" encoding="UTF-8"?>
<!-- Generated by org.testng.reporters.JUnitReportReporter -->
<testsuite skipped="0" hostname="LTP188" name="com.crm.qa.testcases.HomePageTest" tests="5" failures="0" timestamp="20 Aug 2018 08:39:21 GMT" time="109.827" errors="0">
  <testcase name="homePageTitleTest" time="21.703" classname="com.crm.qa.testcases.HomePageTest"/>
  <testcase name="customerIdTest" time="21.451" classname="com.crm.qa.testcases.HomePageTest"/>
  <testcase name="cartPage" time="18.946" classname="com.crm.qa.testcases.HomePageTest"/>
  <testcase name="searchPage" time="24.980" classname="com.crm.qa.testcases.HomePageTest"/>
  <testcase name="dealPage" time="22.747" classname="com.crm.qa.testcases.HomePageTest"/>
</testsuite> <!-- com.crm.qa.testcases.HomePageTest -->
