<?xml version="1.0" encoding="UTF-8"?>
<!-- Generated by org.testng.reporters.JUnitReportReporter -->
<testsuite skipped="0" hostname="LTP188" name="com.crm.qa.testcases.LoginPageTest" tests="3" failures="0" timestamp="20 Aug 2018 08:39:21 GMT" time="43.467" errors="0">
  <testcase name="loginPageTitleTest" time="12.044" classname="com.crm.qa.testcases.LoginPageTest"/>
  <testcase name="crmLogoTest" time="11.013" classname="com.crm.qa.testcases.LoginPageTest"/>
  <testcase name="loginTest" time="20.410" classname="com.crm.qa.testcases.LoginPageTest"/>
</testsuite> <!-- com.crm.qa.testcases.LoginPageTest -->
