<?xml version="1.0" encoding="UTF-8"?>
<!-- Generated by org.testng.reporters.JUnitReportReporter -->
<testsuite skipped="0" hostname="LTP188" name="com.crm.qa.testcases.DealsPageTest" tests="1" failures="0" timestamp="20 Aug 2018 08:39:21 GMT" time="15.491" errors="0">
  <testcase name="funcCheckButton" time="15.491" classname="com.crm.qa.testcases.DealsPageTest"/>
</testsuite> <!-- com.crm.qa.testcases.DealsPageTest -->
