<?xml version="1.0" encoding="UTF-8"?>
<!-- Generated by org.testng.reporters.JUnitReportReporter -->
<testsuite skipped="0" hostname="LTP188" name="com.testng.test.TestNgFeatures" tests="4" failures="0" timestamp="04 Sep 2018 16:40:35 GMT" time="0.009" errors="0">
  <testcase name="registerPageTest" time="0.003" classname="com.testng.test.TestNgFeatures"/>
  <testcase name="loginTest" time="0.003" classname="com.testng.test.TestNgFeatures"/>
  <testcase name="menuTest" time="0.002" classname="com.testng.test.TestNgFeatures"/>
  <testcase name="homepageTest" time="0.001" classname="com.testng.test.TestNgFeatures"/>
</testsuite> <!-- com.testng.test.TestNgFeatures -->
