<?xml version="1.0" encoding="UTF-8"?>
<!-- Generated by org.testng.reporters.JUnitReportReporter -->
<testsuite hostname="LTP188" failures="0" tests="3" name="com.testng.test.FlipkarTest" time="39.635" errors="0" timestamp="13 Aug 2018 09:02:21 GMT" skipped="0">
  <testcase classname="com.testng.test.FlipkarTest" name="loginPage" time="11.617"/>
  <testcase classname="com.testng.test.FlipkarTest" name="loginTest" time="12.789"/>
  <testcase classname="com.testng.test.FlipkarTest" name="homepageTest" time="15.229"/>
</testsuite> <!-- com.testng.test.FlipkarTest -->
