<?xml version="1.0" encoding="UTF-8"?>
<!-- Generated by org.testng.reporters.JUnitReportReporter -->
<testsuite skipped="0" hostname="LTP188" name="com.testng.test.TestNGBasics" tests="2" failures="0" timestamp="04 Sep 2018 16:40:35 GMT" time="0.013" errors="0">
  <testcase name="googleTitleTest" time="0.003" classname="com.testng.test.TestNGBasics"/>
  <testcase name="searchTest" time="0.010" classname="com.testng.test.TestNGBasics"/>
</testsuite> <!-- com.testng.test.TestNGBasics -->
