<?xml version="1.0" encoding="UTF-8"?>
<!-- Generated by org.testng.reporters.JUnitReportReporter -->
<testsuite skipped="0" hostname="LTP188" name="com.testng.test.GoogleTitleTest" tests="2" failures="0" timestamp="04 Sep 2018 16:40:35 GMT" time="19.398" errors="0">
  <testcase name="googleTitleTest" time="9.531" classname="com.testng.test.GoogleTitleTest"/>
  <testcase name="googleLogoTest" time="9.867" classname="com.testng.test.GoogleTitleTest"/>
</testsuite> <!-- com.testng.test.GoogleTitleTest -->
