<?xml version="1.0" encoding="UTF-8"?>
<!-- Generated by org.testng.reporters.JUnitReportReporter -->
<testsuite skipped="0" hostname="LTP188" name="com.testng.test.InvocationCountTest" tests="10" failures="0" timestamp="04 Sep 2018 16:40:35 GMT" time="0.020" errors="0">
  <testcase name="sum" time="0.002" classname="com.testng.test.InvocationCountTest"/>
  <testcase name="sum" time="0.002" classname="com.testng.test.InvocationCountTest"/>
  <testcase name="sum" time="0.002" classname="com.testng.test.InvocationCountTest"/>
  <testcase name="sum" time="0.001" classname="com.testng.test.InvocationCountTest"/>
  <testcase name="sum" time="0.002" classname="com.testng.test.InvocationCountTest"/>
  <testcase name="sum" time="0.003" classname="com.testng.test.InvocationCountTest"/>
  <testcase name="sum" time="0.001" classname="com.testng.test.InvocationCountTest"/>
  <testcase name="sum" time="0.002" classname="com.testng.test.InvocationCountTest"/>
  <testcase name="sum" time="0.001" classname="com.testng.test.InvocationCountTest"/>
  <testcase name="sum" time="0.004" classname="com.testng.test.InvocationCountTest"/>
</testsuite> <!-- com.testng.test.InvocationCountTest -->
