<?xml version="1.0" encoding="UTF-8"?>
<!-- Generated by org.testng.reporters.JUnitReportReporter -->
<testsuite skipped="0" hostname="LTP188" name="com.testng.test.ExceptionTimeOutTest" tests="1" failures="0" timestamp="04 Sep 2018 16:40:35 GMT" time="0.007" errors="0">
  <testcase name="test1" time="0.007" classname="com.testng.test.ExceptionTimeOutTest"/>
</testsuite> <!-- com.testng.test.ExceptionTimeOutTest -->
